<?xml version="1.0" encoding="UTF-8"?>
<!-- Generated by org.testng.reporters.JUnitXMLReporter -->
<testsuite ignored="0" hostname="Subs-Machine" failures="2" tests="3" name="Test" time="32.975" errors="0" timestamp="2022-09-14T22:22:35 IST">
  <testcase classname="subratpattanaik.tests.ErrorValidations" name="ProductErrorValidation" time="0.745">
    <failure type="java.lang.NullPointerException" message="Cannot invoke &amp;quot;org.openqa.selenium.WebElement.findElement(org.openqa.selenium.By)&amp;quot; because &amp;quot;prod&amp;quot; is null">
      <![CDATA[java.lang.NullPointerException: Cannot invoke "org.openqa.selenium.WebElement.findElement(org.openqa.selenium.By)" because "prod" is null
at subratpattanaik.pageobjects.ProductCatalogue.addProductToCart(ProductCatalogue.java:48)
at subratpattanaik.tests.ErrorValidations.ProductErrorValidation(ErrorValidations.java:31)
at java.base/java.util.ArrayList.forEach(ArrayList.java:1511)
... Removed 27 stack frames]]>
    </failure>
  </testcase> <!-- ProductErrorValidation -->
  <testcase classname="subratpattanaik.tests.ErrorValidations" name="submitOrder" time="0.603">
    <failure type="java.lang.AssertionError" message="expected [Login Successfully] but found [Incorrect email or password.]">
      <![CDATA[java.lang.AssertionError: expected [Login Successfully] but found [Incorrect email or password.]
at subratpattanaik.tests.ErrorValidations.submitOrder(ErrorValidations.java:22)
at java.base/java.util.ArrayList.forEach(ArrayList.java:1511)
... Removed 33 stack frames]]>
    </failure>
  </testcase> <!-- submitOrder -->
  <testcase classname="subratpattanaik.tests.SubmitOrderTest" name="submitOrder" time="14.674"/>
</testsuite> <!-- Test -->
