<?xml version="1.0" encoding="UTF-8"?>
<testng-results ignored="0" total="6" passed="5" failed="1" skipped="0">
  <reporter-output>
  </reporter-output>
  <suite started-at="2022-09-17T20:29:18 IST" name="Suite" finished-at="2022-09-17T20:29:37 IST" duration-ms="18405">
    <groups>
      <group name="PurchaseOrders">
        <method signature="SubmitOrderTest.submitOrder(java.util.HashMap)[pri:0, instance:subratpattanaik.tests.SubmitOrderTest@5a5a729f]" name="submitOrder" class="subratpattanaik.tests.SubmitOrderTest"/>
      </group> <!-- PurchaseOrders -->
      <group name="Errorhandling">
        <method signature="ErrorValidations.LoginErrorValidation()[pri:0, instance:subratpattanaik.tests.ErrorValidations@10289886]" name="LoginErrorValidation" class="subratpattanaik.tests.ErrorValidations"/>
        <method signature="ErrorValidations.ProductErrorValidation()[pri:0, instance:subratpattanaik.tests.ErrorValidations@10289886]" name="ProductErrorValidation" class="subratpattanaik.tests.ErrorValidations"/>
      </group> <!-- Errorhandling -->
    </groups>
    <test started-at="2022-09-17T20:29:18 IST" name="Error Validation Test" finished-at="2022-09-17T20:29:28 IST" duration-ms="9384">
      <class name="subratpattanaik.tests.ErrorValidations">
        <test-method is-config="true" signature="launchApplication()[pri:0, instance:subratpattanaik.tests.ErrorValidations@10289886]" started-at="2022-09-17T20:29:18 IST" name="launchApplication" finished-at="2022-09-17T20:29:22 IST" duration-ms="3735" status="PASS">
          <reporter-output>
          </reporter-output>
        </test-method> <!-- launchApplication -->
        <test-method signature="LoginErrorValidation()[pri:0, instance:subratpattanaik.tests.ErrorValidations@10289886]" started-at="2022-09-17T20:29:22 IST" name="LoginErrorValidation" finished-at="2022-09-17T20:29:23 IST" duration-ms="1044" status="FAIL">
          <exception class="java.lang.AssertionError">
            <message>
              <![CDATA[expected [Incorrect email or password.] but found [Incorrect email  password.]]]>
            </message>
            <full-stacktrace>
              <![CDATA[java.lang.AssertionError: expected [Incorrect email or password.] but found [Incorrect email  password.]
at org.testng.Assert.fail(Assert.java:110)
at org.testng.Assert.failNotEquals(Assert.java:1413)
at org.testng.Assert.assertEqualsImpl(Assert.java:149)
at org.testng.Assert.assertEquals(Assert.java:131)
at org.testng.Assert.assertEquals(Assert.java:655)
at org.testng.Assert.assertEquals(Assert.java:665)
at subratpattanaik.tests.ErrorValidations.LoginErrorValidation(ErrorValidations.java:22)
at java.base/jdk.internal.reflect.NativeMethodAccessorImpl.invoke0(Native Method)
at java.base/jdk.internal.reflect.NativeMethodAccessorImpl.invoke(NativeMethodAccessorImpl.java:77)
at java.base/jdk.internal.reflect.DelegatingMethodAccessorImpl.invoke(DelegatingMethodAccessorImpl.java:43)
at java.base/java.lang.reflect.Method.invoke(Method.java:568)
at org.testng.internal.invokers.MethodInvocationHelper.invokeMethod(MethodInvocationHelper.java:139)
at org.testng.internal.invokers.TestInvoker.invokeMethod(TestInvoker.java:677)
at org.testng.internal.invokers.TestInvoker.invokeTestMethod(TestInvoker.java:221)
at org.testng.internal.invokers.MethodRunner.runInSequence(MethodRunner.java:50)
at org.testng.internal.invokers.TestInvoker$MethodInvocationAgent.invoke(TestInvoker.java:962)
at org.testng.internal.invokers.TestInvoker.invokeTestMethods(TestInvoker.java:194)
at org.testng.internal.invokers.TestMethodWorker.invokeTestMethods(TestMethodWorker.java:148)
at org.testng.internal.invokers.TestMethodWorker.run(TestMethodWorker.java:128)
at java.base/java.util.ArrayList.forEach(ArrayList.java:1511)
at org.testng.TestRunner.privateRun(TestRunner.java:806)
at org.testng.TestRunner.run(TestRunner.java:601)
at org.testng.SuiteRunner.runTest(SuiteRunner.java:433)
at org.testng.SuiteRunner$SuiteWorker.run(SuiteRunner.java:471)
at org.testng.internal.thread.ThreadUtil.lambda$execute$0(ThreadUtil.java:58)
at java.base/java.util.concurrent.FutureTask.run(FutureTask.java:264)
at java.base/java.util.concurrent.ThreadPoolExecutor.runWorker(ThreadPoolExecutor.java:1136)
at java.base/java.util.concurrent.ThreadPoolExecutor$Worker.run(ThreadPoolExecutor.java:635)
at java.base/java.lang.Thread.run(Thread.java:833)
]]>
            </full-stacktrace>
          </exception> <!-- java.lang.AssertionError -->
          <reporter-output>
          </reporter-output>
        </test-method> <!-- LoginErrorValidation -->
        <test-method is-config="true" signature="tearDown()[pri:0, instance:subratpattanaik.tests.ErrorValidations@10289886]" started-at="2022-09-17T20:29:23 IST" name="tearDown" finished-at="2022-09-17T20:29:23 IST" duration-ms="100" status="PASS">
          <reporter-output>
          </reporter-output>
        </test-method> <!-- tearDown -->
        <test-method is-config="true" signature="launchApplication()[pri:0, instance:subratpattanaik.tests.ErrorValidations@10289886]" started-at="2022-09-17T20:29:23 IST" name="launchApplication" finished-at="2022-09-17T20:29:25 IST" duration-ms="1975" status="PASS">
          <reporter-output>
          </reporter-output>
        </test-method> <!-- launchApplication -->
        <test-method signature="ProductErrorValidation()[pri:0, instance:subratpattanaik.tests.ErrorValidations@10289886]" started-at="2022-09-17T20:29:25 IST" name="ProductErrorValidation" finished-at="2022-09-17T20:29:28 IST" duration-ms="2230" status="PASS">
          <reporter-output>
          </reporter-output>
        </test-method> <!-- ProductErrorValidation -->
        <test-method is-config="true" signature="tearDown()[pri:0, instance:subratpattanaik.tests.ErrorValidations@10289886]" started-at="2022-09-17T20:29:28 IST" name="tearDown" finished-at="2022-09-17T20:29:28 IST" duration-ms="60" status="PASS">
          <reporter-output>
          </reporter-output>
        </test-method> <!-- tearDown -->
      </class> <!-- subratpattanaik.tests.ErrorValidations -->
    </test> <!-- Error Validation Test -->
    <test started-at="2022-09-17T20:29:18 IST" name="Submit Order Test" finished-at="2022-09-17T20:29:37 IST" duration-ms="18405">
      <class name="subratpattanaik.tests.SubmitOrderTest">
        <test-method is-config="true" signature="launchApplication()[pri:0, instance:subratpattanaik.tests.SubmitOrderTest@5a5a729f]" started-at="2022-09-17T20:29:19 IST" name="launchApplication" finished-at="2022-09-17T20:29:22 IST" duration-ms="3179" status="PASS">
          <reporter-output>
          </reporter-output>
        </test-method> <!-- launchApplication -->
        <test-method signature="submitOrder(java.util.HashMap)[pri:0, instance:subratpattanaik.tests.SubmitOrderTest@5a5a729f]" started-at="2022-09-17T20:29:22 IST" name="submitOrder" data-provider="getData" finished-at="2022-09-17T20:29:25 IST" duration-ms="3396" status="PASS">
          <params>
            <param index="0">
              <value>
                <![CDATA[{password=Testing123, product=ZARA COAT 3, email=subratp2022@testing.com}]]>
              </value>
            </param>
          </params>
          <reporter-output>
          </reporter-output>
        </test-method> <!-- submitOrder -->
        <test-method is-config="true" signature="tearDown()[pri:0, instance:subratpattanaik.tests.SubmitOrderTest@5a5a729f]" started-at="2022-09-17T20:29:25 IST" name="tearDown" finished-at="2022-09-17T20:29:25 IST" duration-ms="53" status="PASS">
          <reporter-output>
          </reporter-output>
        </test-method> <!-- tearDown -->
        <test-method is-config="true" signature="launchApplication()[pri:0, instance:subratpattanaik.tests.SubmitOrderTest@5a5a729f]" started-at="2022-09-17T20:29:25 IST" name="launchApplication" finished-at="2022-09-17T20:29:27 IST" duration-ms="1877" status="PASS">
          <reporter-output>
          </reporter-output>
        </test-method> <!-- launchApplication -->
        <test-method signature="submitOrder(java.util.HashMap)[pri:0, instance:subratpattanaik.tests.SubmitOrderTest@5a5a729f]" started-at="2022-09-17T20:29:27 IST" name="submitOrder" data-provider="getData" finished-at="2022-09-17T20:29:30 IST" duration-ms="3335" status="PASS">
          <params>
            <param index="0">
              <value>
                <![CDATA[{password=Testing123, product=ADIDAS ORIGINAL, email=subratp2021@testing.com}]]>
              </value>
            </param>
          </params>
          <reporter-output>
          </reporter-output>
        </test-method> <!-- submitOrder -->
        <test-method is-config="true" signature="tearDown()[pri:0, instance:subratpattanaik.tests.SubmitOrderTest@5a5a729f]" started-at="2022-09-17T20:29:30 IST" name="tearDown" finished-at="2022-09-17T20:29:30 IST" duration-ms="87" status="PASS">
          <reporter-output>
          </reporter-output>
        </test-method> <!-- tearDown -->
        <test-method is-config="true" signature="launchApplication()[pri:0, instance:subratpattanaik.tests.SubmitOrderTest@5a5a729f]" started-at="2022-09-17T20:29:30 IST" name="launchApplication" finished-at="2022-09-17T20:29:32 IST" duration-ms="1675" status="PASS">
          <reporter-output>
          </reporter-output>
        </test-method> <!-- launchApplication -->
        <test-method signature="orderHistoryTest(java.util.HashMap)[pri:0, instance:subratpattanaik.tests.SubmitOrderTest@5a5a729f]" started-at="2022-09-17T20:29:32 IST" name="orderHistoryTest" data-provider="getData" finished-at="2022-09-17T20:29:34 IST" depends-on-methods="subratpattanaik.tests.SubmitOrderTest.submitOrder" duration-ms="1401" status="PASS">
          <params>
            <param index="0">
              <value>
                <![CDATA[{password=Testing123, product=ZARA COAT 3, email=subratp2022@testing.com}]]>
              </value>
            </param>
          </params>
          <reporter-output>
          </reporter-output>
        </test-method> <!-- orderHistoryTest -->
        <test-method is-config="true" signature="tearDown()[pri:0, instance:subratpattanaik.tests.SubmitOrderTest@5a5a729f]" started-at="2022-09-17T20:29:34 IST" name="tearDown" finished-at="2022-09-17T20:29:34 IST" duration-ms="68" status="PASS">
          <reporter-output>
          </reporter-output>
        </test-method> <!-- tearDown -->
        <test-method is-config="true" signature="launchApplication()[pri:0, instance:subratpattanaik.tests.SubmitOrderTest@5a5a729f]" started-at="2022-09-17T20:29:34 IST" name="launchApplication" finished-at="2022-09-17T20:29:35 IST" duration-ms="1601" status="PASS">
          <reporter-output>
          </reporter-output>
        </test-method> <!-- launchApplication -->
        <test-method signature="orderHistoryTest(java.util.HashMap)[pri:0, instance:subratpattanaik.tests.SubmitOrderTest@5a5a729f]" started-at="2022-09-17T20:29:35 IST" name="orderHistoryTest" data-provider="getData" finished-at="2022-09-17T20:29:37 IST" depends-on-methods="subratpattanaik.tests.SubmitOrderTest.submitOrder" duration-ms="1405" status="PASS">
          <params>
            <param index="0">
              <value>
                <![CDATA[{password=Testing123, product=ADIDAS ORIGINAL, email=subratp2021@testing.com}]]>
              </value>
            </param>
          </params>
          <reporter-output>
          </reporter-output>
        </test-method> <!-- orderHistoryTest -->
        <test-method is-config="true" signature="tearDown()[pri:0, instance:subratpattanaik.tests.SubmitOrderTest@5a5a729f]" started-at="2022-09-17T20:29:37 IST" name="tearDown" finished-at="2022-09-17T20:29:37 IST" duration-ms="68" status="PASS">
          <reporter-output>
          </reporter-output>
        </test-method> <!-- tearDown -->
      </class> <!-- subratpattanaik.tests.SubmitOrderTest -->
    </test> <!-- Submit Order Test -->
  </suite> <!-- Suite -->
</testng-results>
